1761173833.191503 client started (67041): version 3.2a, socket /tmp/tmux-1000/default, protocol 8
1761173833.191905 on Linux 6.6.87.2-microsoft-standard-WSL2 #1 SMP PREEMPT_DYNAMIC Thu Jun  5 18:30:46 UTC 2025
1761173833.192072 using libevent 2.1.12-stable (poll); ncurses 6.3
1761173833.192268 flags are 0x18010000
1761173833.192487 socket is /tmp/tmux-1000/default
1761173833.192678 trying connect
1761173833.192877 connect failed: Connection refused
1761173833.193039 lock file is /tmp/tmux-1000/default.lock
1761173833.193248 flock succeeded
1761173833.193400 got lock (6)
1761173833.193556 trying connect
1761173833.193732 connect failed: Connection refused
1761173833.194253 add peer 0x624a3d0df6e0: 7 ((nil))
1761173833.196189 sending message 100 to peer 0x624a3d0df6e0 (4 bytes)
1761173833.196333 sending message 111 to peer 0x624a3d0df6e0 (8 bytes)
1761173833.196532 sending message 101 to peer 0x624a3d0df6e0 (15 bytes)
1761173833.196739 sending message 109 to peer 0x624a3d0df6e0 (4 bytes)
1761173833.196913 sending message 102 to peer 0x624a3d0df6e0 (1 bytes)
1761173833.197123 sending message 108 to peer 0x624a3d0df6e0 (45 bytes)
1761173833.197349 sending message 104 to peer 0x624a3d0df6e0 (0 bytes)
1761173833.197536 sending message 110 to peer 0x624a3d0df6e0 (0 bytes)
1761173833.197697 sending message 107 to peer 0x624a3d0df6e0 (4 bytes)
1761173833.197918 sending message 105 to peer 0x624a3d0df6e0 (16 bytes)
1761173833.198104 sending message 105 to peer 0x624a3d0df6e0 (60 bytes)
1761173833.198286 sending message 105 to peer 0x624a3d0df6e0 (24 bytes)
1761173833.198448 sending message 105 to peer 0x624a3d0df6e0 (23 bytes)
1761173833.198643 sending message 105 to peer 0x624a3d0df6e0 (21 bytes)
1761173833.198830 sending message 105 to peer 0x624a3d0df6e0 (50 bytes)
1761173833.198996 sending message 105 to peer 0x624a3d0df6e0 (19 bytes)
1761173833.199184 sending message 105 to peer 0x624a3d0df6e0 (14 bytes)
1761173833.199351 sending message 105 to peer 0x624a3d0df6e0 (49 bytes)
1761173833.199519 sending message 105 to peer 0x624a3d0df6e0 (14 bytes)
1761173833.199704 sending message 105 to peer 0x624a3d0df6e0 (14 bytes)
1761173833.199879 sending message 105 to peer 0x624a3d0df6e0 (23 bytes)
1761173833.200055 sending message 105 to peer 0x624a3d0df6e0 (23 bytes)
1761173833.200232 sending message 105 to peer 0x624a3d0df6e0 (17 bytes)
1761173833.200410 sending message 105 to peer 0x624a3d0df6e0 (13 bytes)
1761173833.200587 sending message 105 to peer 0x624a3d0df6e0 (32 bytes)
1761173833.200835 sending message 105 to peer 0x624a3d0df6e0 (1519 bytes)
1761173833.201052 sending message 105 to peer 0x624a3d0df6e0 (26 bytes)
1761173833.201230 sending message 105 to peer 0x624a3d0df6e0 (25 bytes)
1761173833.201405 sending message 105 to peer 0x624a3d0df6e0 (34 bytes)
1761173833.201584 sending message 105 to peer 0x624a3d0df6e0 (20 bytes)
1761173833.201764 sending message 105 to peer 0x624a3d0df6e0 (32 bytes)
1761173833.201931 sending message 105 to peer 0x624a3d0df6e0 (11 bytes)
1761173833.202089 sending message 105 to peer 0x624a3d0df6e0 (11 bytes)
1761173833.202267 sending message 105 to peer 0x624a3d0df6e0 (8 bytes)
1761173833.202431 sending message 105 to peer 0x624a3d0df6e0 (14 bytes)
1761173833.202606 sending message 105 to peer 0x624a3d0df6e0 (38 bytes)
1761173833.202768 sending message 105 to peer 0x624a3d0df6e0 (8 bytes)
1761173833.202926 sending message 105 to peer 0x624a3d0df6e0 (65 bytes)
1761173833.203101 sending message 105 to peer 0x624a3d0df6e0 (2563 bytes)
1761173833.203265 sending message 105 to peer 0x624a3d0df6e0 (51 bytes)
1761173833.203454 sending message 105 to peer 0x624a3d0df6e0 (16 bytes)
1761173833.203632 sending message 105 to peer 0x624a3d0df6e0 (15 bytes)
1761173833.203812 sending message 105 to peer 0x624a3d0df6e0 (40 bytes)
1761173833.203982 sending message 105 to peer 0x624a3d0df6e0 (16 bytes)
1761173833.204158 sending message 106 to peer 0x624a3d0df6e0 (0 bytes)
1761173833.204335 sending message 200 to peer 0x624a3d0df6e0 (4 bytes)
1761173833.204510 client loop enter
1761173833.204757 client_signal: Child exited
1761173835.491965 peer 0x624a3d0df6e0 message 303
1761173835.492190 open write file 2 -
1761173835.492394 sending message 305 to peer 0x624a3d0df6e0 (8 bytes)
1761173835.492609 write check file 2
1761173835.493821 peer 0x624a3d0df6e0 message 304
1761173835.493993 write 37 to file 2
1761173835.494153 peer 0x624a3d0df6e0 message 203
1761173835.494319 file 2 37 bytes left
1761173835.494529 write check file 2
1761173835.494696 client loop exit
